TN:
SF:src/Match.js
FN:19,(anonymous_0)
FN:107,(anonymous_1)
FN:118,(anonymous_2)
FN:125,(anonymous_3)
FN:136,(anonymous_4)
FN:168,(anonymous_5)
FN:172,(anonymous_6)
FN:185,(anonymous_7)
FN:196,(anonymous_8)
FN:203,(anonymous_9)
FN:212,(anonymous_10)
FN:218,(anonymous_11)
FN:225,(anonymous_12)
FN:233,(anonymous_13)
FN:248,(anonymous_14)
FN:253,(anonymous_15)
FN:257,(anonymous_16)
FN:261,(anonymous_17)
FNF:18
FNH:14
FNDA:33,(anonymous_0)
FNDA:35,(anonymous_1)
FNDA:33,(anonymous_2)
FNDA:13,(anonymous_3)
FNDA:37,(anonymous_4)
FNDA:54,(anonymous_5)
FNDA:1,(anonymous_6)
FNDA:24,(anonymous_7)
FNDA:0,(anonymous_8)
FNDA:12,(anonymous_9)
FNDA:1,(anonymous_10)
FNDA:0,(anonymous_11)
FNDA:2,(anonymous_12)
FNDA:6,(anonymous_13)
FNDA:81,(anonymous_14)
FNDA:0,(anonymous_15)
FNDA:0,(anonymous_16)
FNDA:6,(anonymous_17)
DA:1,4
DA:2,4
DA:3,4
DA:4,4
DA:5,4
DA:22,33
DA:24,33
DA:26,2
DA:29,2
DA:30,2
DA:31,2
DA:34,2
DA:37,2
DA:38,2
DA:39,2
DA:42,2
DA:44,2
DA:47,31
DA:50,31
DA:51,31
DA:52,31
DA:55,31
DA:58,31
DA:59,31
DA:68,31
DA:69,31
DA:70,31
DA:73,31
DA:75,31
DA:79,33
DA:82,33
DA:83,33
DA:84,33
DA:85,33
DA:86,33
DA:89,33
DA:90,33
DA:91,33
DA:94,33
DA:95,33
DA:98,33
DA:99,33
DA:100,33
DA:103,33
DA:104,33
DA:107,33
DA:108,35
DA:112,33
DA:119,33
DA:126,13
DA:127,13
DA:130,13
DA:133,13
DA:136,13
DA:137,37
DA:140,37
DA:144,37
DA:152,37
DA:153,12
DA:154,12
DA:155,9
DA:159,25
DA:160,6
DA:164,37
DA:169,54
DA:173,1
DA:175,1
DA:176,0
DA:179,1
DA:186,24
DA:187,24
DA:188,0
DA:191,24
DA:197,0
DA:204,12
DA:205,0
DA:206,12
DA:207,0
DA:209,12
DA:213,1
DA:214,1
DA:215,1
DA:219,0
DA:226,2
DA:227,0
DA:229,2
DA:232,2
DA:233,2
DA:234,6
DA:241,2
DA:243,2
DA:249,81
DA:250,81
DA:254,0
DA:258,0
DA:262,6
DA:266,4
LF:97
LH:88
BRDA:19,0,0,3
BRDA:22,1,0,33
BRDA:22,1,1,33
BRDA:24,2,0,2
BRDA:24,2,1,31
BRDA:34,3,0,2
BRDA:34,3,1,0
BRDA:34,3,2,0
BRDA:37,4,0,2
BRDA:37,4,1,2
BRDA:38,5,0,2
BRDA:38,5,1,0
BRDA:42,6,0,2
BRDA:42,6,1,0
BRDA:44,7,0,2
BRDA:44,7,1,0
BRDA:51,8,0,31
BRDA:51,8,1,31
BRDA:58,9,0,31
BRDA:58,9,1,0
BRDA:58,10,0,31
BRDA:58,10,1,31
BRDA:62,11,0,31
BRDA:62,11,1,28
BRDA:68,12,0,31
BRDA:68,12,1,31
BRDA:69,13,0,31
BRDA:69,13,1,31
BRDA:73,14,0,0
BRDA:73,14,1,31
BRDA:125,15,0,1
BRDA:140,16,0,37
BRDA:140,16,1,34
BRDA:140,16,2,9
BRDA:146,17,0,37
BRDA:146,17,1,33
BRDA:148,18,0,37
BRDA:148,18,1,16
BRDA:152,19,0,12
BRDA:152,19,1,25
BRDA:154,20,0,9
BRDA:154,20,1,3
BRDA:159,21,0,6
BRDA:159,21,1,19
BRDA:175,22,0,0
BRDA:175,22,1,1
BRDA:175,23,0,1
BRDA:175,23,1,0
BRDA:186,24,0,0
BRDA:186,24,1,24
BRDA:187,25,0,0
BRDA:187,25,1,24
BRDA:204,26,0,0
BRDA:204,26,1,12
BRDA:206,27,0,0
BRDA:206,27,1,12
BRDA:213,28,0,0
BRDA:213,28,1,1
BRDA:226,29,0,0
BRDA:226,29,1,2
BRDA:236,30,0,6
BRDA:236,30,1,3
BRF:62
BRH:47
end_of_record
TN:
SF:src/Room.js
FN:16,(anonymous_0)
FN:58,(anonymous_1)
FN:71,(anonymous_2)
FN:72,(anonymous_3)
FN:101,(anonymous_4)
FN:103,(anonymous_5)
FN:112,(anonymous_6)
FN:121,(anonymous_7)
FN:143,(anonymous_8)
FN:144,(anonymous_9)
FN:168,(anonymous_10)
FN:169,(anonymous_11)
FN:172,(anonymous_12)
FN:178,(anonymous_13)
FN:192,(anonymous_14)
FN:201,(anonymous_15)
FN:228,(anonymous_16)
FN:240,(anonymous_17)
FN:247,(anonymous_18)
FN:257,(anonymous_19)
FN:266,(anonymous_20)
FN:273,(anonymous_21)
FN:283,(anonymous_22)
FN:294,(anonymous_23)
FN:295,(anonymous_24)
FN:342,(anonymous_25)
FN:343,(anonymous_26)
FN:349,(anonymous_27)
FNF:28
FNH:16
FNDA:4,(anonymous_0)
FNDA:4,(anonymous_1)
FNDA:6,(anonymous_2)
FNDA:2,(anonymous_3)
FNDA:1,(anonymous_4)
FNDA:1,(anonymous_5)
FNDA:1,(anonymous_6)
FNDA:0,(anonymous_7)
FNDA:1,(anonymous_8)
FNDA:2,(anonymous_9)
FNDA:7,(anonymous_10)
FNDA:2,(anonymous_11)
FNDA:8,(anonymous_12)
FNDA:0,(anonymous_13)
FNDA:2,(anonymous_14)
FNDA:4,(anonymous_15)
FNDA:4,(anonymous_16)
FNDA:0,(anonymous_17)
FNDA:0,(anonymous_18)
FNDA:0,(anonymous_19)
FNDA:0,(anonymous_20)
FNDA:0,(anonymous_21)
FNDA:0,(anonymous_22)
FNDA:0,(anonymous_23)
FNDA:0,(anonymous_24)
FNDA:0,(anonymous_25)
FNDA:0,(anonymous_26)
FNDA:4,(anonymous_27)
DA:1,1
DA:2,1
DA:3,1
DA:18,4
DA:20,4
DA:21,4
DA:22,4
DA:23,4
DA:26,4
DA:27,4
DA:28,4
DA:29,4
DA:32,4
DA:38,4
DA:39,4
DA:42,4
DA:45,4
DA:48,4
DA:51,4
DA:59,4
DA:60,4
DA:61,4
DA:62,40
DA:64,4
DA:72,6
DA:73,0
DA:76,6
DA:77,6
DA:78,6
DA:79,0
DA:82,6
DA:90,6
DA:95,6
DA:102,1
DA:103,1
DA:105,1
DA:106,1
DA:112,1
DA:113,1
DA:116,1
DA:117,1
DA:118,0
DA:119,0
DA:120,0
DA:121,0
DA:122,0
DA:126,0
DA:131,1
DA:132,0
DA:133,0
DA:136,1
DA:144,2
DA:145,1
DA:148,1
DA:149,1
DA:151,1
DA:152,1
DA:159,1
DA:162,0
DA:169,7
DA:170,2
DA:172,8
DA:179,0
DA:180,0
DA:183,0
DA:184,0
DA:185,0
DA:193,2
DA:194,0
DA:196,2
DA:197,0
DA:201,4
DA:203,2
DA:204,0
DA:208,2
DA:209,0
DA:210,0
DA:214,2
DA:223,2
DA:225,2
DA:228,2
DA:229,4
DA:230,4
DA:234,2
DA:236,2
DA:241,0
DA:248,0
DA:251,0
DA:252,0
DA:253,0
DA:257,0
DA:258,0
DA:259,0
DA:262,0
DA:267,0
DA:274,0
DA:275,0
DA:279,0
DA:280,0
DA:283,0
DA:284,0
DA:288,0
DA:295,0
DA:298,0
DA:299,0
DA:301,0
DA:303,0
DA:315,0
DA:323,0
DA:343,0
DA:350,4
DA:357,4
DA:361,1
LF:113
LH:67
BRDA:16,0,0,0
BRDA:18,1,0,4
BRDA:18,1,1,0
BRDA:18,2,0,4
BRDA:18,2,1,4
BRDA:33,3,0,0
BRDA:33,3,1,4
BRDA:72,4,0,0
BRDA:72,4,1,6
BRDA:77,5,0,6
BRDA:77,5,1,6
BRDA:78,6,0,0
BRDA:78,6,1,6
BRDA:78,7,0,6
BRDA:78,7,1,0
BRDA:105,8,0,1
BRDA:105,8,1,0
BRDA:108,9,0,1
BRDA:108,9,1,1
BRDA:117,10,0,0
BRDA:117,10,1,1
BRDA:117,11,0,1
BRDA:117,11,1,1
BRDA:119,12,0,0
BRDA:119,12,1,0
BRDA:124,13,0,0
BRDA:124,13,1,0
BRDA:131,14,0,0
BRDA:131,14,1,1
BRDA:145,15,0,0
BRDA:145,15,1,1
BRDA:151,16,0,1
BRDA:151,16,1,0
BRDA:170,17,0,2
BRDA:170,17,1,0
BRDA:170,18,0,2
BRDA:170,18,1,0
BRDA:179,19,0,0
BRDA:179,19,1,0
BRDA:183,20,0,0
BRDA:183,20,1,0
BRDA:183,21,0,0
BRDA:183,21,1,0
BRDA:192,22,0,2
BRDA:193,23,0,0
BRDA:193,23,1,2
BRDA:196,24,0,0
BRDA:196,24,1,2
BRDA:203,25,0,0
BRDA:203,25,1,2
BRDA:208,26,0,0
BRDA:208,26,1,2
BRDA:229,27,0,4
BRDA:229,27,1,0
BRDA:240,28,0,0
BRDA:251,29,0,0
BRDA:251,29,1,0
BRDA:274,30,0,0
BRDA:274,30,1,0
BRDA:298,31,0,0
BRDA:298,31,1,0
BRDA:298,32,0,0
BRDA:298,32,1,0
BRDA:301,33,0,0
BRDA:301,33,1,0
BRDA:333,34,0,0
BRDA:333,34,1,0
BRDA:333,35,0,0
BRDA:333,35,1,0
BRF:69
BRH:26
end_of_record
TN:
SF:src/words.js
FN:6,(anonymous_0)
FN:7,(anonymous_1)
FN:14,getRandomWordWithCategory
FNF:3
FNH:3
FNDA:232,(anonymous_0)
FNDA:10000,(anonymous_1)
FNDA:38,getRandomWordWithCategory
DA:2,8
DA:3,8
DA:6,8
DA:7,10000
DA:15,38
DA:16,38
DA:19,8
LF:7
LH:7
BRF:0
BRH:0
end_of_record
TN:
SF:src/config/express.js
FN:6,createExpressApp
FN:22,(anonymous_1)
FN:33,(anonymous_2)
FNF:3
FNH:0
FNDA:0,createExpressApp
FNDA:0,(anonymous_1)
FNDA:0,(anonymous_2)
DA:1,0
DA:2,0
DA:3,0
DA:4,0
DA:7,0
DA:11,0
DA:13,0
DA:14,0
DA:18,0
DA:22,0
DA:23,0
DA:24,0
DA:29,0
DA:35,0
DA:36,0
DA:42,0
DA:45,0
LF:17
LH:0
BRDA:35,0,0,0
BRDA:35,0,1,0
BRF:2
BRH:0
end_of_record
TN:
SF:src/config/firebase.js
FN:5,initializeFirebase
FNF:1
FNH:0
FNDA:0,initializeFirebase
DA:1,0
DA:3,0
DA:6,0
DA:8,0
DA:9,0
DA:10,0
DA:13,0
DA:14,0
DA:15,0
DA:16,0
DA:17,0
DA:19,0
DA:20,0
DA:23,0
DA:26,0
LF:15
LH:0
BRDA:6,0,0,0
BRDA:6,0,1,0
BRDA:8,1,0,0
BRDA:8,1,1,0
BRF:4
BRH:0
end_of_record
TN:
SF:src/config/socketio.js
FN:3,createSocketServer
FNF:1
FNH:0
FNDA:0,createSocketServer
DA:1,0
DA:4,0
DA:13,0
LF:3
LH:0
BRF:0
BRH:0
end_of_record
TN:
SF:src/game/GameStateSerializer.js
FN:9,getStateForPlayer
FN:10,(anonymous_1)
FN:50,(anonymous_2)
FN:55,(anonymous_3)
FN:73,(anonymous_4)
FN:102,getEnrichedGameData
FN:103,(anonymous_6)
FNF:7
FNH:6
FNDA:14,getStateForPlayer
FNDA:24,(anonymous_1)
FNDA:27,(anonymous_2)
FNDA:3,(anonymous_3)
FNDA:0,(anonymous_4)
FNDA:13,getEnrichedGameData
FNDA:37,(anonymous_6)
DA:10,24
DA:11,14
DA:13,14
DA:15,14
DA:29,14
DA:30,12
DA:31,12
DA:33,12
DA:35,1
DA:38,11
DA:39,11
DA:40,11
DA:41,11
DA:42,2
DA:46,11
DA:47,11
DA:48,11
DA:49,11
DA:50,27
DA:51,11
DA:52,11
DA:54,2
DA:55,3
DA:56,1
DA:57,1
DA:62,1
DA:63,1
DA:64,1
DA:65,1
DA:66,1
DA:67,1
DA:68,1
DA:70,1
DA:72,0
DA:73,0
DA:74,0
DA:75,0
DA:76,0
DA:77,0
DA:82,14
DA:85,14
DA:86,14
DA:87,14
DA:88,0
DA:93,0
DA:96,14
DA:103,13
DA:104,37
DA:105,37
DA:106,37
DA:116,13
DA:117,13
DA:123,13
DA:138,5
LF:54
LH:46
BRDA:11,0,0,0
BRDA:11,0,1,14
BRDA:13,1,0,14
BRDA:13,1,1,0
BRDA:29,2,0,12
BRDA:29,2,1,2
BRDA:33,3,0,1
BRDA:33,3,1,11
BRDA:33,4,0,12
BRDA:33,4,1,6
BRDA:38,5,0,2
BRDA:38,5,1,9
BRDA:40,6,0,2
BRDA:40,6,1,9
BRDA:41,7,0,2
BRDA:41,7,1,9
BRDA:41,8,0,11
BRDA:41,8,1,2
BRDA:49,9,0,11
BRDA:49,9,1,11
BRDA:54,10,0,1
BRDA:54,10,1,1
BRDA:54,11,0,2
BRDA:54,11,1,1
BRDA:57,12,0,1
BRDA:57,12,1,0
BRDA:59,13,0,0
BRDA:59,13,1,0
BRDA:67,14,0,1
BRDA:67,14,1,1
BRDA:70,15,0,0
BRDA:70,15,1,1
BRDA:75,16,0,0
BRDA:75,16,1,0
BRDA:75,17,0,0
BRDA:75,17,1,0
BRDA:87,18,0,0
BRDA:87,18,1,14
BRDA:105,19,0,37
BRDA:105,19,1,0
BRDA:109,20,0,12
BRDA:109,20,1,25
BRDA:110,21,0,37
BRDA:110,21,1,16
BRDA:117,22,0,1
BRDA:117,22,1,12
BRDA:119,23,0,0
BRDA:119,23,1,12
BRDA:121,24,0,9
BRDA:121,24,1,3
BRDA:127,25,0,13
BRDA:127,25,1,1
BRDA:131,26,0,13
BRDA:131,26,1,0
BRDA:132,27,0,13
BRDA:132,27,1,0
BRDA:134,28,0,13
BRDA:134,28,1,0
BRF:58
BRH:42
end_of_record
TN:
SF:src/game/PlayerManager.js
FN:1,addPlayer
FN:2,(anonymous_1)
FN:34,removePlayer
FN:42,(anonymous_3)
FN:50,(anonymous_4)
FN:51,(anonymous_5)
FN:53,(anonymous_6)
FN:63,(anonymous_7)
FN:63,(anonymous_8)
FN:66,(anonymous_9)
FN:99,updatePlayerOrder
FN:100,(anonymous_11)
FN:103,(anonymous_12)
FN:107,calculateStartingPlayer
FN:108,(anonymous_14)
FN:167,(anonymous_15)
FN:175,getActivePlayers
FN:178,(anonymous_17)
FNF:18
FNH:18
FNDA:83,addPlayer
FNDA:102,(anonymous_1)
FNDA:11,removePlayer
FNDA:14,(anonymous_3)
FNDA:19,(anonymous_4)
FNDA:8,(anonymous_5)
FNDA:1,(anonymous_6)
FNDA:1,(anonymous_7)
FNDA:1,(anonymous_8)
FNDA:1,(anonymous_9)
FNDA:123,updatePlayerOrder
FNDA:101,(anonymous_11)
FNDA:217,(anonymous_12)
FNDA:51,calculateStartingPlayer
FNDA:156,(anonymous_14)
FNDA:50,(anonymous_15)
FNDA:124,getActivePlayers
FNDA:388,(anonymous_17)
DA:2,102
DA:3,79
DA:5,79
DA:6,79
DA:7,1
DA:10,1
DA:13,79
DA:20,79
DA:26,79
DA:27,79
DA:30,79
DA:35,11
DA:36,11
DA:39,11
DA:42,14
DA:43,11
DA:44,11
DA:50,19
DA:51,11
DA:52,11
DA:53,11
DA:55,11
DA:58,11
DA:61,11
DA:62,11
DA:63,1
DA:64,1
DA:65,1
DA:66,1
DA:67,1
DA:71,1
DA:78,11
DA:79,2
DA:80,2
DA:81,2
DA:83,2
DA:88,9
DA:89,1
DA:90,1
DA:93,1
DA:96,9
DA:100,123
DA:101,101
DA:103,217
DA:104,123
DA:108,156
DA:110,51
DA:111,1
DA:112,1
DA:118,50
DA:119,39
DA:120,39
DA:123,11
DA:125,11
DA:127,6
DA:128,6
DA:129,6
DA:135,5
DA:136,5
DA:138,2
DA:139,2
DA:140,2
DA:141,2
DA:142,2
DA:143,2
DA:146,2
DA:152,5
DA:153,3
DA:154,3
DA:160,50
DA:161,12
DA:162,12
DA:167,50
DA:168,50
DA:172,50
DA:176,124
DA:177,124
DA:178,388
DA:181,8
LF:79
LH:79
BRDA:2,0,0,79
BRDA:2,0,1,4
BRDA:5,1,0,79
BRDA:5,1,1,52
BRDA:6,2,0,1
BRDA:6,2,1,78
BRDA:6,3,0,79
BRDA:6,3,1,27
BRDA:26,4,0,79
BRDA:26,4,1,0
BRDA:43,5,0,11
BRDA:43,5,1,0
BRDA:46,6,0,11
BRDA:46,6,1,2
BRDA:52,7,0,11
BRDA:52,7,1,0
BRDA:62,8,0,1
BRDA:62,8,1,10
BRDA:62,9,0,11
BRDA:62,9,1,1
BRDA:64,10,0,1
BRDA:64,10,1,0
BRDA:69,11,0,1
BRDA:69,11,1,0
BRDA:78,12,0,2
BRDA:78,12,1,9
BRDA:78,13,0,11
BRDA:78,13,1,3
BRDA:88,14,0,1
BRDA:88,14,1,8
BRDA:88,15,0,9
BRDA:88,15,1,1
BRDA:101,16,0,101
BRDA:101,16,1,1
BRDA:101,17,0,101
BRDA:101,17,1,1
BRDA:110,18,0,1
BRDA:110,18,1,50
BRDA:118,19,0,39
BRDA:118,19,1,11
BRDA:125,20,0,6
BRDA:125,20,1,5
BRDA:136,21,0,2
BRDA:136,21,1,3
BRDA:141,22,0,2
BRDA:141,22,1,0
BRDA:152,23,0,3
BRDA:152,23,1,2
BRDA:160,24,0,12
BRDA:160,24,1,38
BRDA:176,25,0,124
BRDA:176,25,1,0
BRDA:177,26,0,124
BRDA:177,26,1,0
BRF:54
BRH:46
end_of_record
TN:
SF:src/game/RoundManager.js
FN:26,selectImpostor
FN:33,(anonymous_1)
FN:37,(anonymous_2)
FN:37,(anonymous_3)
FN:41,(anonymous_4)
FN:61,startNewMatch
FN:64,(anonymous_6)
FN:93,(anonymous_7)
FN:104,(anonymous_8)
FN:105,(anonymous_9)
FN:117,startNextRound
FN:124,(anonymous_11)
FN:125,(anonymous_12)
FN:146,(anonymous_13)
FN:153,(anonymous_14)
FN:166,endRound
FN:202,handleSuddenDeath
FNF:17
FNH:16
FNDA:41,selectImpostor
FNDA:1,(anonymous_1)
FNDA:128,(anonymous_2)
FNDA:128,(anonymous_3)
FNDA:0,(anonymous_4)
FNDA:38,startNewMatch
FNDA:119,(anonymous_6)
FNDA:119,(anonymous_7)
FNDA:80,(anonymous_8)
FNDA:43,(anonymous_9)
FNDA:58,startNextRound
FNDA:180,(anonymous_11)
FNDA:180,(anonymous_12)
FNDA:7,(anonymous_13)
FNDA:62,(anonymous_14)
FNDA:14,endRound
FNDA:9,handleSuddenDeath
DA:11,8
DA:17,8
DA:18,8
DA:20,8
DA:27,41
DA:29,41
DA:30,41
DA:31,1
DA:32,1
DA:33,1
DA:37,128
DA:39,41
DA:40,0
DA:41,0
DA:45,41
DA:46,41
DA:47,86
DA:48,86
DA:54,41
DA:63,38
DA:64,38
DA:65,119
DA:69,38
DA:70,38
DA:71,38
DA:72,38
DA:73,38
DA:74,38
DA:75,38
DA:78,38
DA:81,38
DA:82,38
DA:83,0
DA:87,38
DA:88,38
DA:89,38
DA:93,119
DA:96,38
DA:98,38
DA:99,38
DA:102,38
DA:104,80
DA:105,43
DA:106,38
DA:111,38
DA:118,58
DA:119,58
DA:120,58
DA:123,58
DA:124,180
DA:125,180
DA:129,58
DA:130,3
DA:133,3
DA:134,3
DA:139,55
DA:140,5
DA:141,5
DA:144,5
DA:145,5
DA:146,7
DA:147,5
DA:153,62
DA:154,55
DA:158,55
DA:167,14
DA:169,8
DA:172,8
DA:173,8
DA:174,8
DA:175,8
DA:177,8
DA:180,6
DA:182,6
DA:184,2
DA:185,2
DA:186,2
DA:187,2
DA:188,2
DA:191,4
DA:192,4
DA:203,9
DA:204,9
DA:205,9
DA:207,9
DA:211,9
DA:212,9
DA:215,8
LF:88
LH:85
BRDA:30,0,0,1
BRDA:30,0,1,40
BRDA:30,1,0,41
BRDA:30,1,1,1
BRDA:39,2,0,0
BRDA:39,2,1,41
BRDA:82,3,0,0
BRDA:82,3,1,38
BRDA:104,4,0,38
BRDA:104,4,1,0
BRDA:105,5,0,38
BRDA:105,5,1,0
BRDA:129,6,0,3
BRDA:129,6,1,55
BRDA:139,7,0,5
BRDA:139,7,1,50
BRDA:145,8,0,5
BRDA:145,8,1,5
BRDA:146,9,0,5
BRDA:146,9,1,0
BRDA:153,10,0,55
BRDA:153,10,1,0
BRDA:167,11,0,8
BRDA:167,11,1,6
BRDA:182,12,0,2
BRDA:182,12,1,4
BRF:26
BRH:20
end_of_record
TN:
SF:src/game/ScoringManager.js
FN:19,giveImpostorSurvivalPoints
FN:35,giveWinnerBonus
FN:56,giveImpostorMaxPoints
FN:68,giveCorrectVotersPoints
FN:72,(anonymous_4)
FN:86,(anonymous_5)
FN:87,(anonymous_6)
FN:100,calculateFriendsWinScores
FN:105,(anonymous_8)
FN:113,(anonymous_9)
FN:131,calculateRoundScores
FN:145,findWinner
FN:149,(anonymous_12)
FN:175,checkMatchOver
FNF:14
FNH:13
FNDA:87,giveImpostorSurvivalPoints
FNDA:103,giveWinnerBonus
FNDA:63,giveImpostorMaxPoints
FNDA:104,giveCorrectVotersPoints
FNDA:338,(anonymous_4)
FNDA:338,(anonymous_5)
FNDA:125,(anonymous_6)
FNDA:33,calculateFriendsWinScores
FNDA:68,(anonymous_8)
FNDA:40,(anonymous_9)
FNDA:34,calculateRoundScores
FNDA:11,findWinner
FNDA:36,(anonymous_12)
FNDA:0,checkMatchOver
DA:12,11
DA:13,11
DA:14,11
DA:20,87
DA:22,87
DA:25,87
DA:36,103
DA:37,103
DA:39,103
DA:40,101
DA:41,101
DA:44,101
DA:45,101
DA:47,101
DA:57,63
DA:58,63
DA:70,104
DA:72,104
DA:74,338
DA:75,125
DA:77,125
DA:81,125
DA:85,104
DA:86,338
DA:87,125
DA:89,104
DA:90,85
DA:102,33
DA:103,33
DA:105,33
DA:106,68
DA:107,40
DA:111,33
DA:113,23
DA:114,40
DA:115,40
DA:120,10
DA:123,33
DA:132,34
DA:133,33
DA:137,1
DA:146,11
DA:147,11
DA:149,11
DA:151,36
DA:153,25
DA:154,8
DA:155,8
DA:156,8
DA:157,17
DA:158,6
DA:163,11
DA:164,9
DA:166,9
DA:169,2
DA:176,0
DA:179,11
LF:57
LH:56
BRDA:21,0,0,87
BRDA:21,0,1,29
BRDA:23,1,0,87
BRDA:23,1,1,45
BRDA:36,2,0,103
BRDA:36,2,1,10
BRDA:39,3,0,101
BRDA:39,3,1,2
BRDA:41,4,0,101
BRDA:41,4,1,15
BRDA:44,5,0,101
BRDA:44,5,1,12
BRDA:70,6,0,104
BRDA:70,6,1,9
BRDA:74,7,0,125
BRDA:74,7,1,213
BRDA:74,8,0,338
BRDA:74,8,1,126
BRDA:76,9,0,125
BRDA:76,9,1,77
BRDA:78,10,0,125
BRDA:78,10,1,93
BRDA:81,11,0,125
BRDA:81,11,1,77
BRDA:86,12,0,338
BRDA:86,12,1,126
BRDA:89,13,0,85
BRDA:89,13,1,19
BRDA:105,14,0,33
BRDA:105,14,1,3
BRDA:106,15,0,40
BRDA:106,15,1,28
BRDA:111,16,0,23
BRDA:111,16,1,10
BRDA:132,17,0,33
BRDA:132,17,1,1
BRDA:151,18,0,11
BRDA:151,18,1,25
BRDA:153,19,0,8
BRDA:153,19,1,17
BRDA:157,20,0,6
BRDA:157,20,1,11
BRDA:157,21,0,17
BRDA:157,21,1,14
BRDA:163,22,0,9
BRDA:163,22,1,2
BRDA:166,23,0,9
BRDA:166,23,1,4
BRF:48
BRH:48
end_of_record
TN:
SF:src/game/VotingManager.js
FN:18,castVote
FN:84,checkIfAllVoted
FN:86,(anonymous_2)
FN:96,processVotingResults
FN:103,(anonymous_4)
FN:115,(anonymous_5)
FN:196,hasVoted
FNF:7
FNH:7
FNDA:87,castVote
FNDA:84,checkIfAllVoted
FNDA:167,(anonymous_2)
FNDA:32,processVotingResults
FNDA:103,(anonymous_4)
FNDA:90,(anonymous_5)
FNDA:2,hasVoted
DA:10,6
DA:15,6
DA:16,6
DA:20,87
DA:29,87
DA:30,1
DA:33,86
DA:34,86
DA:36,86
DA:37,0
DA:40,86
DA:41,0
DA:45,86
DA:46,1
DA:47,1
DA:48,1
DA:50,1
DA:53,85
DA:54,1
DA:57,84
DA:58,1
DA:61,83
DA:62,0
DA:66,83
DA:67,83
DA:68,83
DA:73,83
DA:76,83
DA:79,83
DA:81,83
DA:85,84
DA:86,167
DA:88,84
DA:89,26
DA:90,26
DA:91,26
DA:93,58
DA:97,32
DA:98,32
DA:100,32
DA:101,32
DA:103,32
DA:104,103
DA:105,103
DA:109,32
DA:112,32
DA:113,32
DA:115,32
DA:116,90
DA:117,37
DA:118,37
DA:119,53
DA:120,49
DA:124,32
DA:127,32
DA:128,32
DA:138,32
DA:139,32
DA:142,32
DA:144,23
DA:145,23
DA:148,23
DA:150,23
DA:152,7
DA:153,7
DA:154,7
DA:155,7
DA:156,7
DA:159,16
DA:160,16
DA:162,23
DA:166,9
DA:169,9
DA:170,4
DA:171,4
DA:174,5
DA:175,5
DA:176,5
DA:179,5
DA:182,5
DA:183,2
DA:184,2
DA:185,3
DA:187,0
DA:188,0
DA:191,3
DA:197,2
DA:200,6
LF:88
LH:83
BRDA:29,0,0,1
BRDA:29,0,1,86
BRDA:33,1,0,86
BRDA:33,1,1,0
BRDA:34,2,0,86
BRDA:34,2,1,0
BRDA:36,3,0,0
BRDA:36,3,1,86
BRDA:40,4,0,0
BRDA:40,4,1,86
BRDA:45,5,0,1
BRDA:45,5,1,85
BRDA:45,6,0,86
BRDA:45,6,1,85
BRDA:46,7,0,1
BRDA:46,7,1,0
BRDA:53,8,0,1
BRDA:53,8,1,84
BRDA:57,9,0,1
BRDA:57,9,1,83
BRDA:61,10,0,0
BRDA:61,10,1,83
BRDA:69,11,0,1
BRDA:69,11,1,82
BRDA:88,12,0,26
BRDA:88,12,1,58
BRDA:104,13,0,103
BRDA:104,13,1,0
BRDA:105,14,0,103
BRDA:105,14,1,90
BRDA:116,15,0,37
BRDA:116,15,1,53
BRDA:119,16,0,49
BRDA:119,16,1,4
BRDA:127,17,0,32
BRDA:127,17,1,0
BRDA:132,18,0,9
BRDA:132,18,1,23
BRDA:142,19,0,23
BRDA:142,19,1,9
BRDA:144,20,0,0
BRDA:144,20,1,23
BRDA:150,21,0,7
BRDA:150,21,1,16
BRDA:169,22,0,4
BRDA:169,22,1,5
BRDA:174,23,0,5
BRDA:174,23,1,0
BRDA:182,24,0,2
BRDA:182,24,1,3
BRDA:185,25,0,0
BRDA:185,25,1,3
BRF:52
BRH:41
end_of_record
TN:
SF:src/handlers/socketHandlers.js
FN:13,registerSocketHandlers
FN:42,(anonymous_1)
FN:43,(anonymous_2)
FN:44,(anonymous_3)
FN:47,(anonymous_4)
FN:49,(anonymous_5)
FN:50,(anonymous_6)
FN:57,(anonymous_7)
FN:58,(anonymous_8)
FN:62,(anonymous_9)
FN:63,(anonymous_10)
FN:65,(anonymous_11)
FN:66,(anonymous_12)
FN:68,(anonymous_13)
FN:71,(anonymous_14)
FN:74,(anonymous_15)
FN:81,(anonymous_16)
FN:82,(anonymous_17)
FN:83,(anonymous_18)
FN:86,(anonymous_19)
FN:88,(anonymous_20)
FN:89,(anonymous_21)
FN:96,(anonymous_22)
FN:98,(anonymous_23)
FN:99,(anonymous_24)
FN:100,(anonymous_25)
FN:106,handleReconnection
FN:130,(anonymous_27)
FN:146,handleCreateRoom
FN:169,handleJoinRoom
FN:175,(anonymous_30)
FN:196,handleRoomAction
FN:202,(anonymous_32)
FN:217,handleCastVote
FN:225,(anonymous_34)
FN:251,handleLeaveMatch
FN:252,(anonymous_36)
FN:257,(anonymous_37)
FN:277,handleLeaveRoom
FN:278,(anonymous_39)
FN:283,(anonymous_40)
FN:326,handleGetState
FN:334,handleDisconnect
FN:358,(anonymous_43)
FNF:44
FNH:0
FNDA:0,registerSocketHandlers
FNDA:0,(anonymous_1)
FNDA:0,(anonymous_2)
FNDA:0,(anonymous_3)
FNDA:0,(anonymous_4)
FNDA:0,(anonymous_5)
FNDA:0,(anonymous_6)
FNDA:0,(anonymous_7)
FNDA:0,(anonymous_8)
FNDA:0,(anonymous_9)
FNDA:0,(anonymous_10)
FNDA:0,(anonymous_11)
FNDA:0,(anonymous_12)
FNDA:0,(anonymous_13)
FNDA:0,(anonymous_14)
FNDA:0,(anonymous_15)
FNDA:0,(anonymous_16)
FNDA:0,(anonymous_17)
FNDA:0,(anonymous_18)
FNDA:0,(anonymous_19)
FNDA:0,(anonymous_20)
FNDA:0,(anonymous_21)
FNDA:0,(anonymous_22)
FNDA:0,(anonymous_23)
FNDA:0,(anonymous_24)
FNDA:0,(anonymous_25)
FNDA:0,handleReconnection
FNDA:0,(anonymous_27)
FNDA:0,handleCreateRoom
FNDA:0,handleJoinRoom
FNDA:0,(anonymous_30)
FNDA:0,handleRoomAction
FNDA:0,(anonymous_32)
FNDA:0,handleCastVote
FNDA:0,(anonymous_34)
FNDA:0,handleLeaveMatch
FNDA:0,(anonymous_36)
FNDA:0,(anonymous_37)
FNDA:0,handleLeaveRoom
FNDA:0,(anonymous_39)
FNDA:0,(anonymous_40)
FNDA:0,handleGetState
FNDA:0,handleDisconnect
FNDA:0,(anonymous_43)
DA:1,0
DA:2,0
DA:3,0
DA:4,0
DA:7,0
DA:8,0
DA:14,0
DA:15,0
DA:18,0
DA:19,0
DA:22,0
DA:23,0
DA:24,0
DA:25,0
DA:26,0
DA:27,0
DA:31,0
DA:35,0
DA:36,0
DA:39,0
DA:42,0
DA:43,0
DA:44,0
DA:45,0
DA:46,0
DA:47,0
DA:49,0
DA:50,0
DA:51,0
DA:52,0
DA:53,0
DA:57,0
DA:58,0
DA:59,0
DA:62,0
DA:63,0
DA:65,0
DA:66,0
DA:68,0
DA:71,0
DA:72,0
DA:74,0
DA:75,0
DA:81,0
DA:82,0
DA:83,0
DA:84,0
DA:85,0
DA:86,0
DA:88,0
DA:89,0
DA:90,0
DA:91,0
DA:92,0
DA:96,0
DA:98,0
DA:99,0
DA:100,0
DA:108,0
DA:109,0
DA:110,0
DA:111,0
DA:112,0
DA:113,0
DA:117,0
DA:118,0
DA:119,0
DA:120,0
DA:121,0
DA:122,0
DA:123,0
DA:127,0
DA:128,0
DA:129,0
DA:130,0
DA:131,0
DA:132,0
DA:133,0
DA:134,0
DA:136,0
DA:137,0
DA:138,0
DA:147,0
DA:149,0
DA:150,0
DA:157,0
DA:159,0
DA:160,0
DA:161,0
DA:162,0
DA:163,0
DA:170,0
DA:171,0
DA:172,0
DA:175,0
DA:181,0
DA:183,0
DA:184,0
DA:185,0
DA:188,0
DA:190,0
DA:197,0
DA:198,0
DA:199,0
DA:200,0
DA:202,0
DA:203,0
DA:205,0
DA:206,0
DA:207,0
DA:209,0
DA:210,0
DA:219,0
DA:220,0
DA:221,0
DA:222,0
DA:224,0
DA:225,0
DA:226,0
DA:228,0
DA:229,0
DA:232,0
DA:234,0
DA:235,0
DA:237,0
DA:240,0
DA:243,0
DA:244,0
DA:252,0
DA:253,0
DA:256,0
DA:257,0
DA:258,0
DA:259,0
DA:262,0
DA:264,0
DA:267,0
DA:268,0
DA:270,0
DA:271,0
DA:278,0
DA:279,0
DA:282,0
DA:283,0
DA:284,0
DA:285,0
DA:286,0
DA:289,0
DA:291,0
DA:292,0
DA:294,0
DA:297,0
DA:298,0
DA:301,0
DA:304,0
DA:305,0
DA:306,0
DA:310,0
DA:312,0
DA:316,0
DA:319,0
DA:320,0
DA:327,0
DA:328,0
DA:335,0
DA:337,0
DA:338,0
DA:342,0
DA:343,0
DA:344,0
DA:345,0
DA:346,0
DA:349,0
DA:350,0
DA:351,0
DA:352,0
DA:354,0
DA:355,0
DA:359,0
DA:360,0
DA:362,0
DA:365,0
DA:366,0
DA:368,0
DA:369,0
DA:370,0
DA:374,0
DA:378,0
DA:382,0
DA:388,0
DA:393,0
DA:394,0
DA:397,0
LF:193
LH:0
BRDA:23,0,0,0
BRDA:23,0,1,0
BRDA:25,1,0,0
BRDA:25,1,1,0
BRDA:45,2,0,0
BRDA:45,2,1,0
BRDA:46,3,0,0
BRDA:46,3,1,0
BRDA:51,4,0,0
BRDA:51,4,1,0
BRDA:59,5,0,0
BRDA:59,5,1,0
BRDA:84,6,0,0
BRDA:84,6,1,0
BRDA:84,7,0,0
BRDA:84,7,1,0
BRDA:85,8,0,0
BRDA:85,8,1,0
BRDA:90,9,0,0
BRDA:90,9,1,0
BRDA:108,10,0,0
BRDA:108,10,1,0
BRDA:118,11,0,0
BRDA:118,11,1,0
BRDA:128,12,0,0
BRDA:128,12,1,0
BRDA:130,13,0,0
BRDA:130,13,1,0
BRDA:130,14,0,0
BRDA:130,14,1,0
BRDA:146,15,0,0
BRDA:147,16,0,0
BRDA:147,16,1,0
BRDA:147,17,0,0
BRDA:147,17,1,0
BRDA:149,18,0,0
BRDA:149,18,1,0
BRDA:171,19,0,0
BRDA:171,19,1,0
BRDA:190,20,0,0
BRDA:190,20,1,0
BRDA:197,21,0,0
BRDA:197,21,1,0
BRDA:197,22,0,0
BRDA:197,22,1,0
BRDA:199,23,0,0
BRDA:199,23,1,0
BRDA:202,24,0,0
BRDA:202,24,1,0
BRDA:219,25,0,0
BRDA:219,25,1,0
BRDA:219,25,2,0
BRDA:221,26,0,0
BRDA:221,26,1,0
BRDA:221,27,0,0
BRDA:221,27,1,0
BRDA:225,28,0,0
BRDA:225,28,1,0
BRDA:232,29,0,0
BRDA:232,29,1,0
BRDA:232,30,0,0
BRDA:232,30,1,0
BRDA:234,31,0,0
BRDA:234,31,1,0
BRDA:253,32,0,0
BRDA:253,32,1,0
BRDA:257,33,0,0
BRDA:257,33,1,0
BRDA:257,34,0,0
BRDA:257,34,1,0
BRDA:279,35,0,0
BRDA:279,35,1,0
BRDA:283,36,0,0
BRDA:283,36,1,0
BRDA:283,37,0,0
BRDA:283,37,1,0
BRDA:304,38,0,0
BRDA:304,38,1,0
BRDA:305,39,0,0
BRDA:305,39,1,0
BRDA:328,40,0,0
BRDA:328,40,1,0
BRDA:342,41,0,0
BRDA:342,41,1,0
BRDA:342,42,0,0
BRDA:342,42,1,0
BRDA:349,43,0,0
BRDA:349,43,1,0
BRDA:351,44,0,0
BRDA:351,44,1,0
BRDA:352,45,0,0
BRDA:352,45,1,0
BRDA:360,46,0,0
BRDA:360,46,1,0
BRDA:368,47,0,0
BRDA:368,47,1,0
BRDA:369,48,0,0
BRDA:369,48,1,0
BRF:98
BRH:0
end_of_record
TN:
SF:src/middleware/auth.js
FN:6,(anonymous_0)
FN:25,(anonymous_1)
FNF:2
FNH:0
FNDA:0,(anonymous_0)
FNDA:0,(anonymous_1)
DA:1,0
DA:6,0
DA:7,0
DA:8,0
DA:9,0
DA:11,0
DA:12,0
DA:13,0
DA:14,0
DA:15,0
DA:17,0
DA:18,0
DA:25,0
DA:26,0
DA:27,0
DA:28,0
DA:30,0
DA:31,0
DA:35,0
DA:38,0
DA:39,0
DA:41,0
DA:43,0
DA:48,0
DA:50,0
DA:57,0
DA:61,0
LF:27
LH:0
BRDA:8,0,0,0
BRDA:8,0,1,0
BRDA:8,1,0,0
BRDA:8,1,1,0
BRDA:27,2,0,0
BRDA:27,2,1,0
BRDA:30,3,0,0
BRDA:30,3,1,0
BRDA:41,4,0,0
BRDA:41,4,1,0
BRDA:45,5,0,0
BRDA:45,5,1,0
BRF:12
BRH:0
end_of_record
TN:
SF:src/routes/api.js
FN:15,requireAdmin
FN:40,(anonymous_1)
FN:50,(anonymous_2)
FN:65,(anonymous_3)
FN:73,(anonymous_4)
FN:120,(anonymous_5)
FN:140,(anonymous_6)
FN:158,(anonymous_7)
FNF:8
FNH:0
FNDA:0,requireAdmin
FNDA:0,(anonymous_1)
FNDA:0,(anonymous_2)
FNDA:0,(anonymous_3)
FNDA:0,(anonymous_4)
FNDA:0,(anonymous_5)
FNDA:0,(anonymous_6)
FNDA:0,(anonymous_7)
DA:1,0
DA:2,0
DA:3,0
DA:4,0
DA:5,0
DA:7,0
DA:10,0
DA:16,0
DA:17,0
DA:22,0
DA:23,0
DA:24,0
DA:27,0
DA:28,0
DA:29,0
DA:32,0
DA:40,0
DA:41,0
DA:42,0
DA:44,0
DA:46,0
DA:47,0
DA:50,0
DA:52,0
DA:65,0
DA:66,0
DA:73,0
DA:74,0
DA:77,0
DA:80,0
DA:82,0
DA:101,0
DA:102,0
DA:120,0
DA:121,0
DA:123,0
DA:125,0
DA:126,0
DA:128,0
DA:140,0
DA:141,0
DA:143,0
DA:144,0
DA:146,0
DA:158,0
DA:159,0
DA:162,0
LF:47
LH:0
BRDA:16,0,0,0
BRDA:16,0,1,0
BRDA:23,1,0,0
BRDA:23,1,1,0
BRDA:23,2,0,0
BRDA:23,2,1,0
BRDA:28,3,0,0
BRDA:28,3,1,0
BRDA:42,4,0,0
BRDA:42,4,1,0
BRDA:46,5,0,0
BRDA:46,5,1,0
BRDA:55,6,0,0
BRDA:55,6,1,0
BRDA:83,7,0,0
BRDA:83,7,1,0
BRDA:88,8,0,0
BRDA:88,8,1,0
BRDA:101,9,0,0
BRDA:101,9,1,0
BRDA:121,10,0,0
BRDA:121,10,1,0
BRDA:125,11,0,0
BRDA:125,11,1,0
BRDA:143,12,0,0
BRDA:143,12,1,0
BRF:26
BRH:0
end_of_record
TN:
SF:src/services/db.js
FN:4,(anonymous_0)
FN:14,(anonymous_1)
FN:28,(anonymous_2)
FN:47,(anonymous_3)
FN:64,(anonymous_4)
FN:85,(anonymous_5)
FN:109,(anonymous_6)
FN:126,(anonymous_7)
FNF:8
FNH:3
FNDA:2,(anonymous_0)
FNDA:0,(anonymous_1)
FNDA:0,(anonymous_2)
FNDA:0,(anonymous_3)
FNDA:10,(anonymous_4)
FNDA:30,(anonymous_5)
FNDA:0,(anonymous_6)
FNDA:0,(anonymous_7)
DA:1,2
DA:5,2
DA:6,2
DA:7,2
DA:8,2
DA:15,0
DA:16,0
DA:17,0
DA:18,0
DA:20,0
DA:29,0
DA:30,0
DA:33,0
DA:34,0
DA:36,0
DA:37,0
DA:38,0
DA:40,0
DA:48,0
DA:49,0
DA:50,0
DA:51,0
DA:55,0
DA:57,0
DA:65,10
DA:66,0
DA:67,0
DA:68,0
DA:72,0
DA:74,0
DA:86,30
DA:88,0
DA:89,0
DA:91,0
DA:96,0
DA:97,0
DA:100,0
DA:109,0
DA:110,0
DA:111,0
DA:115,0
DA:116,0
DA:118,0
DA:127,0
DA:129,0
DA:130,0
DA:131,0
DA:133,0
DA:134,0
DA:139,2
LF:50
LH:8
BRDA:29,0,0,0
BRDA:29,0,1,0
BRDA:48,1,0,0
BRDA:48,1,1,0
BRDA:65,2,0,10
BRDA:65,2,1,0
BRDA:85,3,0,0
BRDA:86,4,0,30
BRDA:86,4,1,0
BRDA:86,5,0,30
BRDA:86,5,1,0
BRDA:96,6,0,0
BRDA:96,6,1,0
BRDA:97,7,0,0
BRDA:97,7,1,0
BRDA:110,8,0,0
BRDA:110,8,1,0
BRDA:127,9,0,0
BRDA:127,9,1,0
BRDA:127,10,0,0
BRDA:127,10,1,0
BRDA:131,11,0,0
BRDA:131,11,1,0
BRF:23
BRH:3
end_of_record
TN:
SF:src/services/roomManager.js
FN:11,(anonymous_0)
FN:23,(anonymous_1)
FN:30,(anonymous_2)
FN:41,(anonymous_3)
FN:48,(anonymous_4)
FN:49,(anonymous_5)
FN:50,(anonymous_6)
FN:57,(anonymous_7)
FN:59,(anonymous_8)
FN:65,(anonymous_9)
FN:67,(anonymous_10)
FN:67,(anonymous_11)
FN:88,(anonymous_12)
FN:94,(anonymous_13)
FN:105,(anonymous_14)
FN:112,(anonymous_15)
FN:114,(anonymous_16)
FN:130,(anonymous_17)
FN:138,(anonymous_18)
FN:145,(anonymous_19)
FN:152,(anonymous_20)
FN:163,(anonymous_21)
FN:188,(anonymous_22)
FNF:23
FNH:9
FNDA:1,(anonymous_0)
FNDA:0,(anonymous_1)
FNDA:4,(anonymous_2)
FNDA:0,(anonymous_3)
FNDA:2,(anonymous_4)
FNDA:3,(anonymous_5)
FNDA:2,(anonymous_6)
FNDA:0,(anonymous_7)
FNDA:0,(anonymous_8)
FNDA:1,(anonymous_9)
FNDA:1,(anonymous_10)
FNDA:1,(anonymous_11)
FNDA:0,(anonymous_12)
FNDA:0,(anonymous_13)
FNDA:0,(anonymous_14)
FNDA:0,(anonymous_15)
FNDA:0,(anonymous_16)
FNDA:0,(anonymous_17)
FNDA:0,(anonymous_18)
FNDA:0,(anonymous_19)
FNDA:1,(anonymous_20)
FNDA:0,(anonymous_21)
FNDA:0,(anonymous_22)
DA:1,1
DA:2,1
DA:13,1
DA:15,1
DA:17,1
DA:24,0
DA:31,4
DA:32,4
DA:33,4
DA:34,4
DA:35,4
DA:42,0
DA:49,2
DA:50,3
DA:58,0
DA:59,0
DA:66,1
DA:67,1
DA:70,1
DA:72,1
DA:74,1
DA:75,1
DA:77,1
DA:78,1
DA:80,0
DA:89,0
DA:90,0
DA:91,0
DA:94,0
DA:95,0
DA:96,0
DA:97,0
DA:106,0
DA:108,0
DA:109,0
DA:110,0
DA:111,0
DA:112,0
DA:114,0
DA:115,0
DA:116,0
DA:117,0
DA:131,0
DA:132,0
DA:139,0
DA:146,0
DA:153,1
DA:154,0
DA:155,0
DA:158,1
DA:159,1
DA:161,1
DA:163,1
DA:164,0
DA:166,0
DA:167,0
DA:168,0
DA:171,0
DA:172,0
DA:173,0
DA:174,0
DA:177,0
DA:178,0
DA:179,0
DA:182,1
DA:189,0
DA:190,0
DA:191,0
DA:192,0
DA:198,1
LF:70
LH:27
BRDA:30,0,0,0
BRDA:31,1,0,4
BRDA:31,1,1,0
BRDA:31,2,0,4
BRDA:31,2,1,4
BRDA:59,3,0,0
BRDA:59,3,1,0
BRDA:65,4,0,1
BRDA:67,5,0,1
BRDA:67,5,1,1
BRDA:70,6,0,0
BRDA:70,6,1,1
BRDA:77,7,0,1
BRDA:77,7,1,0
BRDA:89,8,0,0
BRDA:89,8,1,0
BRDA:96,9,0,0
BRDA:96,9,1,0
BRDA:106,10,0,0
BRDA:106,10,1,0
BRDA:106,11,0,0
BRDA:106,11,1,0
BRDA:110,12,0,0
BRDA:110,12,1,0
BRDA:111,13,0,0
BRDA:111,13,1,0
BRDA:116,14,0,0
BRDA:116,14,1,0
BRDA:119,15,0,0
BRDA:119,15,1,0
BRDA:131,16,0,0
BRDA:131,16,1,0
BRDA:152,17,0,0
BRDA:153,18,0,0
BRDA:153,18,1,1
BRDA:159,19,0,0
BRDA:159,19,1,1
BRDA:159,20,0,1
BRDA:159,20,1,1
BRDA:166,21,0,0
BRDA:166,21,1,0
BRDA:171,22,0,0
BRDA:171,22,1,0
BRDA:189,23,0,0
BRDA:189,23,1,0
BRF:45
BRH:12
end_of_record
TN:
SF:src/services/sessionManager.js
FN:6,(anonymous_0)
FN:20,(anonymous_1)
FN:27,(anonymous_2)
FN:34,(anonymous_3)
FN:44,(anonymous_4)
FN:54,(anonymous_5)
FN:65,(anonymous_6)
FN:73,(anonymous_7)
FN:81,(anonymous_8)
FN:88,(anonymous_9)
FN:98,(anonymous_10)
FN:101,(anonymous_11)
FN:109,(anonymous_12)
FN:116,(anonymous_13)
FN:123,(anonymous_14)
FN:129,(anonymous_15)
FN:139,(anonymous_16)
FN:146,(anonymous_17)
FN:156,(anonymous_18)
FNF:19
FNH:1
FNDA:1,(anonymous_0)
FNDA:0,(anonymous_1)
FNDA:0,(anonymous_2)
FNDA:0,(anonymous_3)
FNDA:0,(anonymous_4)
FNDA:0,(anonymous_5)
FNDA:0,(anonymous_6)
FNDA:0,(anonymous_7)
FNDA:0,(anonymous_8)
FNDA:0,(anonymous_9)
FNDA:0,(anonymous_10)
FNDA:0,(anonymous_11)
FNDA:0,(anonymous_12)
FNDA:0,(anonymous_13)
FNDA:0,(anonymous_14)
FNDA:0,(anonymous_15)
FNDA:0,(anonymous_16)
FNDA:0,(anonymous_17)
FNDA:0,(anonymous_18)
DA:8,1
DA:10,1
DA:12,1
DA:14,1
DA:21,0
DA:28,0
DA:36,0
DA:37,0
DA:45,0
DA:55,0
DA:57,0
DA:60,0
DA:61,0
DA:65,0
DA:66,0
DA:74,0
DA:75,0
DA:82,0
DA:89,0
DA:90,0
DA:92,0
DA:99,0
DA:101,0
DA:102,0
DA:110,0
DA:117,0
DA:125,0
DA:127,0
DA:130,0
DA:131,0
DA:140,0
DA:147,0
DA:148,0
DA:149,0
DA:157,0
DA:162,1
LF:36
LH:5
BRDA:36,0,0,0
BRDA:36,0,1,0
BRDA:55,1,0,0
BRDA:55,1,1,0
BRDA:60,2,0,0
BRDA:60,2,1,0
BRDA:75,3,0,0
BRDA:75,3,1,0
BRDA:89,4,0,0
BRDA:89,4,1,0
BRDA:147,5,0,0
BRDA:147,5,1,0
BRF:12
BRH:0
end_of_record
TN:
SF:src/services/shutdownManager.js
FN:13,(anonymous_0)
FN:24,(anonymous_1)
FN:34,(anonymous_2)
FN:35,(anonymous_3)
FN:36,(anonymous_4)
FN:42,(anonymous_5)
FN:64,(anonymous_6)
FN:89,(anonymous_7)
FN:110,(anonymous_8)
FN:144,(anonymous_9)
FN:152,(anonymous_10)
FN:165,(anonymous_11)
FN:179,(anonymous_12)
FN:194,(anonymous_13)
FN:212,(anonymous_14)
FN:234,(anonymous_15)
FN:268,(anonymous_16)
FN:278,(anonymous_17)
FN:279,(anonymous_18)
FN:286,(anonymous_19)
FNF:20
FNH:0
FNDA:0,(anonymous_0)
FNDA:0,(anonymous_1)
FNDA:0,(anonymous_2)
FNDA:0,(anonymous_3)
FNDA:0,(anonymous_4)
FNDA:0,(anonymous_5)
FNDA:0,(anonymous_6)
FNDA:0,(anonymous_7)
FNDA:0,(anonymous_8)
FNDA:0,(anonymous_9)
FNDA:0,(anonymous_10)
FNDA:0,(anonymous_11)
FNDA:0,(anonymous_12)
FNDA:0,(anonymous_13)
FNDA:0,(anonymous_14)
FNDA:0,(anonymous_15)
FNDA:0,(anonymous_16)
FNDA:0,(anonymous_17)
FNDA:0,(anonymous_18)
FNDA:0,(anonymous_19)
DA:1,0
DA:14,0
DA:15,0
DA:16,0
DA:17,0
DA:18,0
DA:25,0
DA:26,0
DA:27,0
DA:28,0
DA:35,0
DA:36,0
DA:43,0
DA:44,0
DA:45,0
DA:48,0
DA:49,0
DA:52,0
DA:53,0
DA:54,0
DA:55,0
DA:65,0
DA:66,0
DA:73,0
DA:74,0
DA:80,0
DA:81,0
DA:83,0
DA:86,0
DA:89,0
DA:90,0
DA:92,0
DA:93,0
DA:95,0
DA:99,0
DA:111,0
DA:112,0
DA:118,0
DA:120,0
DA:121,0
DA:123,0
DA:124,0
DA:125,0
DA:129,0
DA:130,0
DA:135,0
DA:145,0
DA:146,0
DA:153,0
DA:166,0
DA:168,0
DA:170,0
DA:180,0
DA:182,0
DA:183,0
DA:185,0
DA:186,0
DA:188,0
DA:195,0
DA:198,0
DA:199,0
DA:200,0
DA:203,0
DA:205,0
DA:206,0
DA:212,0
DA:215,0
DA:218,0
DA:221,0
DA:223,0
DA:224,0
DA:226,0
DA:227,0
DA:235,0
DA:236,0
DA:238,0
DA:239,0
DA:240,0
DA:243,0
DA:245,0
DA:246,0
DA:247,0
DA:248,0
DA:249,0
DA:251,0
DA:252,0
DA:253,0
DA:257,0
DA:269,0
DA:271,0
DA:272,0
DA:279,0
DA:280,0
DA:281,0
DA:282,0
DA:285,0
DA:286,0
DA:287,0
DA:288,0
DA:290,0
DA:297,0
LF:101
LH:0
BRDA:43,0,0,0
BRDA:43,0,1,0
BRDA:65,1,0,0
BRDA:65,1,1,0
BRDA:73,2,0,0
BRDA:73,2,1,0
BRDA:73,3,0,0
BRDA:73,3,1,0
BRDA:92,4,0,0
BRDA:92,4,1,0
BRDA:111,5,0,0
BRDA:111,5,1,0
BRDA:123,6,0,0
BRDA:123,6,1,0
BRDA:129,7,0,0
BRDA:129,7,1,0
BRDA:145,8,0,0
BRDA:145,8,1,0
BRDA:156,9,0,0
BRDA:156,9,1,0
BRDA:166,10,0,0
BRDA:166,10,1,0
BRDA:180,11,0,0
BRDA:180,11,1,0
BRDA:185,12,0,0
BRDA:185,12,1,0
BRDA:198,13,0,0
BRDA:198,13,1,0
BRDA:205,14,0,0
BRDA:205,14,1,0
BRDA:238,15,0,0
BRDA:238,15,1,0
BRDA:249,16,0,0
BRDA:249,16,1,0
BRDA:249,17,0,0
BRDA:249,17,1,0
BRDA:251,18,0,0
BRDA:251,18,1,0
BRDA:269,19,0,0
BRDA:269,19,1,0
BRDA:280,20,0,0
BRDA:280,20,1,0
BRDA:287,21,0,0
BRDA:287,21,1,0
BRF:44
BRH:0
end_of_record
TN:
SF:src/services/statsManager.js
FN:6,(anonymous_0)
FN:21,(anonymous_1)
FN:29,(anonymous_2)
FN:37,(anonymous_3)
FN:44,(anonymous_4)
FN:51,(anonymous_5)
FN:63,(anonymous_6)
FN:83,(anonymous_7)
FNF:8
FNH:0
FNDA:0,(anonymous_0)
FNDA:0,(anonymous_1)
FNDA:0,(anonymous_2)
FNDA:0,(anonymous_3)
FNDA:0,(anonymous_4)
FNDA:0,(anonymous_5)
FNDA:0,(anonymous_6)
FNDA:0,(anonymous_7)
DA:7,0
DA:14,0
DA:15,0
DA:22,0
DA:23,0
DA:30,0
DA:31,0
DA:38,0
DA:45,0
DA:52,0
DA:54,0
DA:55,0
DA:56,0
DA:64,0
DA:67,0
DA:69,0
DA:84,0
DA:85,0
DA:87,0
DA:89,0
DA:90,0
DA:91,0
DA:93,0
DA:95,0
DA:109,0
DA:113,0
DA:119,0
LF:27
LH:0
BRDA:52,0,0,0
BRDA:52,0,1,0
BRDA:55,1,0,0
BRDA:55,1,1,0
BRDA:64,2,0,0
BRDA:64,2,1,0
BRDA:67,3,0,0
BRDA:67,3,1,0
BRDA:87,4,0,0
BRDA:87,4,1,0
BRF:10
BRH:0
end_of_record
